# JRE version: OpenJDK Runtime Environment Temurin-11.0.17+8 (11.0.17+8) (build 11.0.17+8)
# Java VM: OpenJDK 64-Bit Server VM Temurin-11.0.17+8 (11.0.17+8, mixed mode, tiered, compressed oops, g1 gc, linux-amd64)
Heap:
 garbage-first heap   total 305152K, used 112798K [0x0000000709600000, 0x0000000800000000)
  region size 1024K, 81 young (82944K), 7 survivors (7168K)
 Metaspace       used 61723K, capacity 80686K, committed 81152K, reserved 1112064K
  class space    used 12760K, capacity 19144K, committed 19200K, reserved 1048576K
GC Heap History (20 events):
Event: 27.837 GC heap before
{Heap before GC invocations=20 (full 0):
 garbage-first heap   total 305152K, used 202002K [0x0000000709600000, 0x0000000800000000)
  region size 1024K, 178 young (182272K), 21 survivors (21504K)
 Metaspace       used 53683K, capacity 72358K, committed 72448K, reserved 1103872K
  class space    used 12053K, capacity 18365K, committed 18432K, reserved 1048576K
}
Event: 27.858 GC heap after
{Heap after GC invocations=21 (full 0):
 garbage-first heap   total 305152K, used 40428K [0x0000000709600000, 0x0000000800000000)
  region size 1024K, 11 young (11264K), 11 survivors (11264K)
 Metaspace       used 53683K, capacity 72358K, committed 72448K, reserved 1103872K
  class space    used 12053K, capacity 18365K, committed 18432K, reserved 1048576K
}
Event: 28.111 GC heap before
{Heap before GC invocations=21 (full 0):
 garbage-first heap   total 305152K, used 211436K [0x0000000709600000, 0x0000000800000000)
  region size 1024K, 178 young (182272K), 11 survivors (11264K)
 Metaspace       used 53686K, capacity 72358K, committed 72448K, reserved 1103872K
  class space    used 12053K, capacity 18365K, committed 18432K, reserved 1048576K
}
Event: 28.120 GC heap after
{Heap after GC invocations=22 (full 0):
 garbage-first heap   total 305152K, used 46090K [0x0000000709600000, 0x0000000800000000)
  region size 1024K, 17 young (17408K), 17 survivors (17408K)
 Metaspace       used 53686K, capacity 72358K, committed 72448K, reserved 1103872K
  class space    used 12053K, capacity 18365K, committed 18432K, reserved 1048576K
}
Event: 28.330 GC heap before
{Heap before GC invocations=22 (full 0):
 garbage-first heap   total 305152K, used 210954K [0x0000000709600000, 0x0000000800000000)
  region size 1024K, 178 young (182272K), 17 survivors (17408K)
 Metaspace       used 53694K, capacity 72362K, committed 72448K, reserved 1103872K
  class space    used 12053K, capacity 18365K, committed 18432K, reserved 1048576K
}
Event: 28.340 GC heap after
{Heap after GC invocations=23 (full 0):
 garbage-first heap   total 305152K, used 46481K [0x0000000709600000, 0x0000000800000000)
  region size 1024K, 15 young (15360K), 15 survivors (15360K)
 Metaspace       used 53694K, capacity 72362K, committed 72448K, reserved 1103872K
  class space    used 12053K, capacity 18365K, committed 18432K, reserved 1048576K
}
Event: 41.427 GC heap before
{Heap before GC invocations=23 (full 0):
 garbage-first heap   total 305152K, used 213393K [0x0000000709600000, 0x0000000800000000)
  region size 1024K, 178 young (182272K), 15 survivors (15360K)
 Metaspace       used 53744K, capacity 72448K, committed 72704K, reserved 1103872K
  class space    used 12058K, capacity 18367K, committed 18432K, reserved 1048576K
}
Event: 41.428 GC heap after
{Heap after GC invocations=24 (full 0):
 garbage-first heap   total 305152K, used 33902K [0x0000000709600000, 0x0000000800000000)
  region size 1024K, 3 young (3072K), 3 survivors (3072K)
 Metaspace       used 53744K, capacity 72448K, committed 72704K, reserved 1103872K
  class space    used 12058K, capacity 18367K, committed 18432K, reserved 1048576K
}
Event: 41.577 GC heap before
{Heap before GC invocations=24 (full 0):
 garbage-first heap   total 305152K, used 213102K [0x0000000709600000, 0x0000000800000000)
  region size 1024K, 178 young (182272K), 3 survivors (3072K)
 Metaspace       used 53744K, capacity 72448K, committed 72704K, reserved 1103872K
  class space    used 12058K, capacity 18367K, committed 18432K, reserved 1048576K
}
Event: 41.579 GC heap after
{Heap after GC invocations=25 (full 0):
 garbage-first heap   total 305152K, used 32000K [0x0000000709600000, 0x0000000800000000)
  region size 1024K, 1 young (1024K), 1 survivors (1024K)
 Metaspace       used 53744K, capacity 72448K, committed 72704K, reserved 1103872K
  class space    used 12058K, capacity 18367K, committed 18432K, reserved 1048576K
}
Event: 41.800 GC heap before
{Heap before GC invocations=25 (full 0):
 garbage-first heap   total 305152K, used 213248K [0x0000000709600000, 0x0000000800000000)
  region size 1024K, 178 young (182272K), 1 survivors (1024K)
 Metaspace       used 53744K, capacity 72448K, committed 72704K, reserved 1103872K
  class space    used 12058K, capacity 18367K, committed 18432K, reserved 1048576K
}
Event: 41.810 GC heap after
{Heap after GC invocations=26 (full 0):
 garbage-first heap   total 305152K, used 45753K [0x0000000709600000, 0x0000000800000000)
  region size 1024K, 15 young (15360K), 15 survivors (15360K)
 Metaspace       used 53744K, capacity 72448K, committed 72704K, reserved 1103872K
  class space    used 12058K, capacity 18367K, committed 18432K, reserved 1048576K
}
Event: 42.015 GC heap before
{Heap before GC invocations=26 (full 0):
 garbage-first heap   total 305152K, used 212665K [0x0000000709600000, 0x0000000800000000)
  region size 1024K, 178 young (182272K), 15 survivors (15360K)
 Metaspace       used 53744K, capacity 72448K, committed 72704K, reserved 1103872K
  class space    used 12058K, capacity 18367K, committed 18432K, reserved 1048576K
}
Event: 42.020 GC heap after
{Heap after GC invocations=27 (full 0):
 garbage-first heap   total 305152K, used 41037K [0x0000000709600000, 0x0000000800000000)
  region size 1024K, 10 young (10240K), 10 survivors (10240K)
 Metaspace       used 53744K, capacity 72448K, committed 72704K, reserved 1103872K
  class space    used 12058K, capacity 18367K, committed 18432K, reserved 1048576K
}
Event: 42.192 GC heap before
{Heap before GC invocations=27 (full 0):
 garbage-first heap   total 305152K, used 213069K [0x0000000709600000, 0x0000000800000000)
  region size 1024K, 178 young (182272K), 10 survivors (10240K)
 Metaspace       used 53744K, capacity 72448K, committed 72704K, reserved 1103872K
  class space    used 12058K, capacity 18367K, committed 18432K, reserved 1048576K
}
Event: 42.197 GC heap after
{Heap after GC invocations=28 (full 0):
 garbage-first heap   total 305152K, used 41623K [0x0000000709600000, 0x0000000800000000)
  region size 1024K, 10 young (10240K), 10 survivors (10240K)
 Metaspace       used 53744K, capacity 72448K, committed 72704K, reserved 1103872K
  class space    used 12058K, capacity 18367K, committed 18432K, reserved 1048576K
}
Event: 46.611 GC heap before
{Heap before GC invocations=28 (full 0):
 garbage-first heap   total 305152K, used 213655K [0x0000000709600000, 0x0000000800000000)
  region size 1024K, 178 young (182272K), 10 survivors (10240K)
 Metaspace       used 61634K, capacity 80542K, committed 80896K, reserved 1112064K
  class space    used 12757K, capacity 19144K, committed 19200K, reserved 1048576K
}
Event: 46.616 GC heap after
{Heap after GC invocations=29 (full 0):
 garbage-first heap   total 305152K, used 34639K [0x0000000709600000, 0x0000000800000000)
  region size 1024K, 4 young (4096K), 4 survivors (4096K)
 Metaspace       used 61634K, capacity 80542K, committed 80896K, reserved 1112064K
  class space    used 12757K, capacity 19144K, committed 19200K, reserved 1048576K
}
Event: 46.826 GC heap before
{Heap before GC invocations=29 (full 0):
 garbage-first heap   total 305152K, used 212815K [0x0000000709600000, 0x0000000800000000)
  region size 1024K, 178 young (182272K), 4 survivors (4096K)
 Metaspace       used 61667K, capacity 80606K, committed 80896K, reserved 1112064K
  class space    used 12757K, capacity 19144K, committed 19200K, reserved 1048576K
}
Event: 46.829 GC heap after
{Heap after GC invocations=30 (full 0):
 garbage-first heap   total 305152K, used 38046K [0x0000000709600000, 0x0000000800000000)
  region size 1024K, 7 young (7168K), 7 survivors (7168K)
 Metaspace       used 61667K, capacity 80606K, committed 80896K, reserved 1112064K
  class space    used 12757K, capacity 19144K, committed 19200K, reserved 1048576K
}

